<?xml version="1.0" encoding="UTF-8"?>
<!-- Generated by org.testng.reporters.JUnitReportReporter -->
<testsuite hostname="G1-5CD0381PDX-L" failures="0" tests="1" name="handleWindowExample.IRCTCAppWindow" time="63.723" errors="0" timestamp="2024-03-22T16:50:40 IST" skipped="0">
  <testcase classname="handleWindowExample.IRCTCAppWindow" name="verifyHotelFeature" time="63.723"/>
  <system-out/>
</testsuite> <!-- handleWindowExample.IRCTCAppWindow -->
